<html>
<body>
<pre>
<h1>Vision Build Log</h1>
<h2>Project:</h2>
C:\Users\Administrator\Desktop\新建文件夹\4\Ultrasonic.uvproj
Project File Date:  <unknown>

<h2>Output:</h2>
compiling main.c...
main.c(2): warning C318: can't open file 'incldues.H'
MAIN.C(6): error C202: 'uint': undefined identifier
MAIN.C(6): error C141: syntax error near 'distance'
MAIN.C(8): error C202: 'uint': undefined identifier
MAIN.C(8): error C141: syntax error near 'test'
MAIN.C(9): error C202: 'Trig': undefined identifier
MAIN.C(10): error C202: 'EA': undefined identifier
MAIN.C(11): error C202: 'TMOD': undefined identifier
MAIN.C(14): error C202: 'EA': undefined identifier
MAIN.C(15): error C202: 'Trig': undefined identifier
main.c - 9 Error(s), 1 Warning(s).
compiling main.c...
MAIN.C(9): error C202: 'Trig': undefined identifier
MAIN.C(15): error C202: 'Trig': undefined identifier
main.c - 2 Error(s), 0 Warning(s).
compiling main.c...
MAIN.C(9): error C202: 'Trig': undefined identifier
main.c - 1 Error(s), 0 Warning(s).
compiling main.c...
MAIN.C(6): warning C206: 'init': missing function-prototype
MAIN.C(9): warning C206: 'run': missing function-prototype
main.c - 0 Error(s), 2 Warning(s).
compiling main.c...
main.c - 0 Error(s), 0 Warning(s).
Build target 'Target 1'
compiling delay.c...
compiling led.c...
linking...
*** ERROR L104: MULTIPLE PUBLIC DEFINITIONS
    SYMBOL:  LED
    MODULE:  .\Objects\led.obj (LED)
*** WARNING L16: UNCALLED SEGMENT, IGNORED FOR OVERLAY PROCESS
    SEGMENT: ?PR?_DELAY_MS?DELAY
*** WARNING L16: UNCALLED SEGMENT, IGNORED FOR OVERLAY PROCESS
    SEGMENT: ?PR?_DELAY_US?DELAY
*** WARNING L16: UNCALLED SEGMENT, IGNORED FOR OVERLAY PROCESS
    SEGMENT: ?PR?_NOP?DELAY
*** WARNING L16: UNCALLED SEGMENT, IGNORED FOR OVERLAY PROCESS
    SEGMENT: ?PR?LED4_DISPLAY?LED
*** WARNING L1: UNRESOLVED EXTERNAL SYMBOL
    SYMBOL:  INIT
    MODULE:  .\Objects\main.obj (MAIN)
*** WARNING L1: UNRESOLVED EXTERNAL SYMBOL
    SYMBOL:  RUN
    MODULE:  .\Objects\main.obj (MAIN)
*** WARNING L2: REFERENCE MADE TO UNRESOLVED EXTERNAL
    SYMBOL:  INIT
    MODULE:  .\Objects\main.obj (MAIN)
    ADDRESS: 0153H
*** WARNING L2: REFERENCE MADE TO UNRESOLVED EXTERNAL
    SYMBOL:  RUN
    MODULE:  .\Objects\main.obj (MAIN)
    ADDRESS: 0156H
Program Size: data=29.0 xdata=0 code=353
Target not created
compiling led.c...
led\led.c - 0 Error(s), 0 Warning(s).
Build target 'Target 1'
linking...
*** ERROR L104: MULTIPLE PUBLIC DEFINITIONS
    SYMBOL:  LED
    MODULE:  .\Objects\led.obj (LED)
*** WARNING L16: UNCALLED SEGMENT, IGNORED FOR OVERLAY PROCESS
    SEGMENT: ?PR?_DELAY_MS?DELAY
*** WARNING L16: UNCALLED SEGMENT, IGNORED FOR OVERLAY PROCESS
    SEGMENT: ?PR?_DELAY_US?DELAY
*** WARNING L16: UNCALLED SEGMENT, IGNORED FOR OVERLAY PROCESS
    SEGMENT: ?PR?_NOP?DELAY
*** WARNING L16: UNCALLED SEGMENT, IGNORED FOR OVERLAY PROCESS
    SEGMENT: ?PR?LED4_DISPLAY?LED
*** WARNING L1: UNRESOLVED EXTERNAL SYMBOL
    SYMBOL:  INIT
    MODULE:  .\Objects\main.obj (MAIN)
*** WARNING L1: UNRESOLVED EXTERNAL SYMBOL
    SYMBOL:  RUN
    MODULE:  .\Objects\main.obj (MAIN)
*** WARNING L2: REFERENCE MADE TO UNRESOLVED EXTERNAL
    SYMBOL:  INIT
    MODULE:  .\Objects\main.obj (MAIN)
    ADDRESS: 0153H
*** WARNING L2: REFERENCE MADE TO UNRESOLVED EXTERNAL
    SYMBOL:  RUN
    MODULE:  .\Objects\main.obj (MAIN)
    ADDRESS: 0156H
Program Size: data=29.0 xdata=0 code=353
Target not created
Build target 'Target 1'
compiling Ultrasonic.c...
linking...
*** ERROR L104: MULTIPLE PUBLIC DEFINITIONS
    SYMBOL:  LED
    MODULE:  .\Objects\led.obj (LED)
*** ERROR L104: MULTIPLE PUBLIC DEFINITIONS
    SYMBOL:  LED
    MODULE:  .\Objects\Ultrasonic.obj (ULTRASONIC)
*** WARNING L16: UNCALLED SEGMENT, IGNORED FOR OVERLAY PROCESS
    SEGMENT: ?PR?_DELAY_MS?DELAY
*** WARNING L16: UNCALLED SEGMENT, IGNORED FOR OVERLAY PROCESS
    SEGMENT: ?PR?_DELAY_US?DELAY
*** WARNING L16: UNCALLED SEGMENT, IGNORED FOR OVERLAY PROCESS
    SEGMENT: ?PR?_NOP?DELAY
*** WARNING L16: UNCALLED SEGMENT, IGNORED FOR OVERLAY PROCESS
    SEGMENT: ?CO?ULTRASONIC
Program Size: data=52.0 xdata=0 code=1228
Target not created
Build target 'Target 1'
compiling main.c...
compiling led.c...
compiling Ultrasonic.c...
ULTRASONIC\ULTRASONIC.C(49): error C202: 'LED': undefined identifier
ULTRASONIC\ULTRASONIC.C(50): error C202: 'LED': undefined identifier
ULTRASONIC\ULTRASONIC.C(51): error C202: 'LED': undefined identifier
ULTRASONIC\ULTRASONIC.C(52): error C202: 'LED': undefined identifier
Target not created
Build target 'Target 1'
compiling Ultrasonic.c...
linking...
*** ERROR L104: MULTIPLE PUBLIC DEFINITIONS
    SYMBOL:  LED
    MODULE:  .\Objects\Ultrasonic.obj (ULTRASONIC)
*** WARNING L16: UNCALLED SEGMENT, IGNORED FOR OVERLAY PROCESS
    SEGMENT: ?PR?_DELAY_MS?DELAY
*** WARNING L16: UNCALLED SEGMENT, IGNORED FOR OVERLAY PROCESS
    SEGMENT: ?PR?_DELAY_US?DELAY
*** WARNING L16: UNCALLED SEGMENT, IGNORED FOR OVERLAY PROCESS
    SEGMENT: ?PR?_NOP?DELAY
*** WARNING L16: UNCALLED SEGMENT, IGNORED FOR OVERLAY PROCESS
    SEGMENT: ?CO?ULTRASONIC
Program Size: data=44.0 xdata=0 code=1228
Target not created
compiling Ultrasonic.c...
ULTRASONIC\ULTRASONIC.C(9): error C129: missing ';' before 'uchar'
Ultrasonic\Ultrasonic.c - 1 Error(s), 0 Warning(s).
compiling Ultrasonic.c...
Ultrasonic\Ultrasonic.c - 0 Error(s), 0 Warning(s).
Build target 'Target 1'
compiling led.c...
linking...
*** WARNING L16: UNCALLED SEGMENT, IGNORED FOR OVERLAY PROCESS
    SEGMENT: ?PR?_DELAY_MS?DELAY
*** WARNING L16: UNCALLED SEGMENT, IGNORED FOR OVERLAY PROCESS
    SEGMENT: ?PR?_DELAY_US?DELAY
*** WARNING L16: UNCALLED SEGMENT, IGNORED FOR OVERLAY PROCESS
    SEGMENT: ?PR?_NOP?DELAY
*** WARNING L16: UNCALLED SEGMENT, IGNORED FOR OVERLAY PROCESS
    SEGMENT: ?CO?ULTRASONIC
Program Size: data=36.0 xdata=0 code=1228
creating hex file from ".\Objects\Ultrasonic"...
".\Objects\Ultrasonic" - 0 Error(s), 4 Warning(s).
Build target 'Target 1'
compiling main.c...
compiling delay.c...
compiling led.c...
compiling Ultrasonic.c...
linking...
*** WARNING L16: UNCALLED SEGMENT, IGNORED FOR OVERLAY PROCESS
    SEGMENT: ?PR?_DELAY_MS?DELAY
*** WARNING L16: UNCALLED SEGMENT, IGNORED FOR OVERLAY PROCESS
    SEGMENT: ?PR?_DELAY_US?DELAY
*** WARNING L16: UNCALLED SEGMENT, IGNORED FOR OVERLAY PROCESS
    SEGMENT: ?PR?_NOP?DELAY
*** WARNING L16: UNCALLED SEGMENT, IGNORED FOR OVERLAY PROCESS
    SEGMENT: ?CO?ULTRASONIC
Program Size: data=36.0 xdata=0 code=1228
creating hex file from ".\Objects\Ultrasonic"...
".\Objects\Ultrasonic" - 0 Error(s), 4 Warning(s).
