<html>
<body>
<pre>
<h1>Vision Build Log</h1>
<h2>Project:</h2>
F:\工作\github_stc12 - 副本\software\高级例程\004 智能小车\car.uvproj
Project File Date:  07/08/2019

<h2>Output:</h2>
Build target '目标 1'
compiling main.c...
MAIN.C(14): warning C290: missing return value
compiling track.c...
linking...
Program Size: data=58.0 xdata=0 code=10364
"car" - 0 Error(s), 1 Warning(s).
compiling track.c...
track\track.c - 0 Error(s), 0 Warning(s).
Build target '目标 1'
compiling main.c...
compiling track.c...
linking...
Program Size: data=58.0 xdata=0 code=10364
"car" - 0 Error(s), 0 Warning(s).
compiling track.c...
track\track.c - 0 Error(s), 0 Warning(s).
compiling pwm.c...
PWM\PWM.C(191): error C202: 't1': undefined identifier
PWM\PWM.C(192): error C202: 't1': undefined identifier
PWM\PWM.C(192): error C202: 't1': undefined identifier
PWM\PWM.C(193): error C202: 't1': undefined identifier
PWM\PWM.C(195): error C202: 't1': undefined identifier
pwm\pwm.c - 5 Error(s), 0 Warning(s).
Build target '目标 1'
compiling main.c...
compiling pwm.c...
linking...
Program Size: data=58.0 xdata=0 code=10364
"car" - 0 Error(s), 0 Warning(s).
Build target '目标 1'
compiling pwm.c...
PWM\PWM.C(122): error C237: 'turnback2': function already has a body
目标未创建
Build target '目标 1'
compiling main.c...
compiling flame.c...
compiling pwm.c...
compiling track.c...
TRACK\TRACK.C(312): warning C206: 'turnback12': missing function-prototype
linking...
*** WARNING L16: UNCALLED SEGMENT, IGNORED FOR OVERLAY PROCESS
    SEGMENT: ?PR?TURNBACK3?PWM
*** WARNING L1: UNRESOLVED EXTERNAL SYMBOL
    SYMBOL:  TURNBACK12
    MODULE:  track.obj (TRACK)
*** WARNING L2: REFERENCE MADE TO UNRESOLVED EXTERNAL
    SYMBOL:  TURNBACK12
    MODULE:  track.obj (TRACK)
    ADDRESS: 0835H
*** WARNING L2: REFERENCE MADE TO UNRESOLVED EXTERNAL
    SYMBOL:  TURNBACK12
    MODULE:  track.obj (TRACK)
    ADDRESS: 05CEH
*** WARNING L2: REFERENCE MADE TO UNRESOLVED EXTERNAL
    SYMBOL:  TURNBACK12
    MODULE:  track.obj (TRACK)
    ADDRESS: 0A74H
Program Size: data=58.0 xdata=0 code=10364
"car" - 0 Error(s), 6 Warning(s).
Build target '目标 1'
compiling pwm.c...
compiling track.c...
linking...
Program Size: data=58.0 xdata=0 code=10364
"car" - 0 Error(s), 0 Warning(s).
Build target '目标 1'
compiling main.c...
compiling flame.c...
compiling pwm.c...
compiling track.c...
linking...
Program Size: data=58.0 xdata=0 code=10364
"car" - 0 Error(s), 0 Warning(s).
Build target '目标 1'
compiling main.c...
FLAME/FLAME.H(12): error C132: 'Int1Init': not in formal parameter list
COLOR/COLOR.H(13): error C132: '_Send_24bits': not in formal parameter list
TRACK/TRACK.H(12): error C132: 'run': not in formal parameter list
VOICE/VOICE.H(15): error C132: 'UART_Init': not in formal parameter list
VOICE/VOICE.H(16): error C132: 'one': not in formal parameter list
VOICE/VOICE.H(17): error C132: 'two': not in formal parameter list
VOICE/VOICE.H(18): error C132: 'third': not in formal parameter list
VOICE/VOICE.H(19): error C132: 'four': not in formal parameter list
VOICE/VOICE.H(20): error C132: 'five': not in formal parameter list
VOICE/VOICE.H(21): error C132: 'six': not in formal parameter list
VOICE/VOICE.H(22): error C132: 'seven': not in formal parameter list
VOICE/VOICE.H(23): error C132: 'eight': not in formal parameter list
VOICE/VOICE.H(24): error C132: 'nine': not in formal parameter list
VOICE/VOICE.H(25): error C132: 'ten': not in formal parameter list
VOICE/VOICE.H(26): error C132: 'eleven': not in formal parameter list
MAIN.C(12): error C132: 'main': not in formal parameter list
MAIN.C(12): error C141: syntax error near '{'
MAIN.C(13): error C132: 'run': not in formal parameter list
MAIN.C(14): error C141: syntax error near '}'
compiling delay.c...
compiling color.c...
compiling flame.c...
compiling pwm.c...
compiling track.c...
FLAME/FLAME.H(12): error C132: 'Int1Init': not in formal parameter list
TRACK\TRACK.C(18): error C141: syntax error near 'sbit'
compiling voice.c...
VOICE\VOICE.C(74): warning C206: 'Delay': missing function-prototype
VOICE\VOICE.C(74): error C267: 'Delay': requires ANSI-style prototype
目标未创建
Build target '目标 1'
compiling main.c...
FLAME/FLAME.H(12): error C132: 'Int1Init': not in formal parameter list
COLOR/COLOR.H(13): error C132: '_Send_24bits': not in formal parameter list
TRACK/TRACK.H(12): error C132: 'run': not in formal parameter list
VOICE/VOICE.H(15): error C132: 'UART_Init': not in formal parameter list
VOICE/VOICE.H(16): error C132: 'one': not in formal parameter list
VOICE/VOICE.H(17): error C132: 'two': not in formal parameter list
VOICE/VOICE.H(18): error C132: 'third': not in formal parameter list
VOICE/VOICE.H(19): error C132: 'four': not in formal parameter list
VOICE/VOICE.H(20): error C132: 'five': not in formal parameter list
VOICE/VOICE.H(21): error C132: 'six': not in formal parameter list
VOICE/VOICE.H(22): error C132: 'seven': not in formal parameter list
VOICE/VOICE.H(23): error C132: 'eight': not in formal parameter list
VOICE/VOICE.H(24): error C132: 'nine': not in formal parameter list
VOICE/VOICE.H(25): error C132: 'ten': not in formal parameter list
VOICE/VOICE.H(26): error C132: 'eleven': not in formal parameter list
MAIN.C(12): error C132: 'main': not in formal parameter list
MAIN.C(12): error C141: syntax error near '{'
MAIN.C(13): error C132: 'run': not in formal parameter list
MAIN.C(14): error C141: syntax error near '}'
compiling track.c...
FLAME/FLAME.H(12): error C132: 'Int1Init': not in formal parameter list
TRACK\TRACK.C(18): error C141: syntax error near 'sbit'
compiling voice.c...
目标未创建
Build target '目标 1'
compiling main.c...
compiling track.c...
linking...
*** ERROR L104: MULTIPLE PUBLIC DEFINITIONS
    SYMBOL:  _DELAY
    MODULE:  voice.obj (VOICE)
*** ERROR L104: MULTIPLE PUBLIC DEFINITIONS
    SYMBOL:  _DELAY_MS1
    MODULE:  voice.obj (VOICE)
*** WARNING L16: UNCALLED SEGMENT, IGNORED FOR OVERLAY PROCESS
    SEGMENT: ?PR?_DELAY_MS1?DELAY
*** WARNING L16: UNCALLED SEGMENT, IGNORED FOR OVERLAY PROCESS
    SEGMENT: ?PR?_DELAY?DELAY
Program Size: data=58.0 xdata=0 code=10417
目标未创建
Build target '目标 1'
compiling voice.c...
VOICE\VOICE.C(75): warning C206: 'Delay': missing function-prototype
VOICE\VOICE.C(75): error C267: 'Delay': requires ANSI-style prototype
目标未创建
Build target '目标 1'
compiling main.c...
compiling delay.c...
compiling color.c...
compiling flame.c...
compiling pwm.c...
compiling track.c...
compiling voice.c...
voice\voice.c(11): warning C318: can't open file 'delay_ms/delay_ms.h'
VOICE\VOICE.C(75): warning C206: 'delay_ms': missing function-prototype
VOICE\VOICE.C(75): error C267: 'delay_ms': requires ANSI-style prototype
目标未创建
Build target '目标 1'
compiling voice.c...
VOICE\VOICE.C(113): warning C206: 'delay_ms1': missing function-prototype
VOICE\VOICE.C(113): error C267: 'delay_ms1': requires ANSI-style prototype
目标未创建
Build target '目标 1'
compiling main.c...
compiling delay.c...
compiling flame.c...
compiling track.c...
compiling voice.c...
linking...
Program Size: data=58.0 xdata=0 code=10326
"car" - 0 Error(s), 0 Warning(s).
Build target '目标 1'
compiling delay.c...
DELAY\DELAY.C(31): warning C206: '_nop_': missing function-prototype
DELAY\DELAY.C(31): error C264: intrinsic '_nop_': declaration/activation error
compiling voice.c...
VOICE\VOICE.C(75): warning C206: 'Delay': missing function-prototype
VOICE\VOICE.C(75): error C267: 'Delay': requires ANSI-style prototype
目标未创建
Build target '目标 1'
compiling delay.c...
DELAY\DELAY.C(31): warning C206: '_nop_': missing function-prototype
DELAY\DELAY.C(31): error C267: '_nop_': requires ANSI-style prototype
compiling voice.c...
VOICE\VOICE.C(113): warning C206: 'delay_ms1': missing function-prototype
VOICE\VOICE.C(113): error C267: 'delay_ms1': requires ANSI-style prototype
目标未创建
Build target '目标 1'
compiling main.c...
compiling delay.c...
DELAY\DELAY.C(31): warning C206: '_nop_': missing function-prototype
DELAY\DELAY.C(31): error C267: '_nop_': requires ANSI-style prototype
compiling flame.c...
compiling track.c...
compiling voice.c...
VOICE\VOICE.C(113): warning C206: 'delay_ms1': missing function-prototype
VOICE\VOICE.C(113): error C267: 'delay_ms1': requires ANSI-style prototype
目标未创建
Build target '目标 1'
compiling delay.c...
DELAY\DELAY.C(31): warning C206: '_nop_': missing function-prototype
DELAY\DELAY.C(31): error C267: '_nop_': requires ANSI-style prototype
compiling voice.c...
目标未创建
Build target '目标 1'
compiling delay.c...
DELAY\DELAY.C(31): warning C206: '_nop_': missing function-prototype
DELAY\DELAY.C(31): error C264: intrinsic '_nop_': declaration/activation error
目标未创建
Build target '目标 1'
compiling delay.c...
DELAY\DELAY.C(31): warning C206: '_nop_': missing function-prototype
DELAY\DELAY.C(31): error C264: intrinsic '_nop_': declaration/activation error
目标未创建
Build target '目标 1'
compiling main.c...
compiling delay.c...
compiling color.c...
compiling flame.c...
compiling pwm.c...
compiling track.c...
compiling voice.c...
linking...
*** WARNING L16: UNCALLED SEGMENT, IGNORED FOR OVERLAY PROCESS
    SEGMENT: ?PR?_NOP?DELAY
Program Size: data=58.0 xdata=0 code=10345
"car" - 0 Error(s), 1 Warning(s).
Build target '目标 1'
compiling main.c...
compiling delay.c...
compiling color.c...
compiling flame.c...
compiling pwm.c...
compiling track.c...
compiling voice.c...
linking...
*** WARNING L16: UNCALLED SEGMENT, IGNORED FOR OVERLAY PROCESS
    SEGMENT: ?PR?_NOP?DELAY
Program Size: data=58.0 xdata=0 code=10345
"car" - 0 Error(s), 1 Warning(s).
Build target '目标 1'
linking...
*** WARNING L16: UNCALLED SEGMENT, IGNORED FOR OVERLAY PROCESS
    SEGMENT: ?PR?_NOP?DELAY
Program Size: data=58.0 xdata=0 code=10345
"car" - 0 Error(s), 1 Warning(s).
