<html>
<body>
<pre>
<h1>Vision Build Log</h1>
<h2>Project:</h2>
F:\workApp\github_repository\github_stc12\51_development_board\software\底层驱动\004 温度传感器驱动\temperature_drive.uvproj
Project File Date:  07/14/2019

<h2>Output:</h2>
Build target 'Target 1'
compiling main.c...
DATA_READ/DATA_READ.H(21): error C129: missing ';' before 'DHT11_rec_byte'
compiling delay.c...
compiling data_read.c...
DATA_READ\DATA_READ.H(21): error C129: missing ';' before 'DHT11_rec_byte'
Target not created
Build target 'Target 1'
compiling main.c...
MAIN.C(11): error C129: missing ';' before 'rec_dat'
compiling data_read.c...
DATA_READ\DATA_READ.C(16): warning C206: 'Delay_us': missing function-prototype
DATA_READ\DATA_READ.C(16): error C267: 'Delay_us': requires ANSI-style prototype
Target not created
Build target 'Target 1'
compiling main.c...
compiling data_read.c...
DATA_READ\DATA_READ.C(16): warning C206: 'Delay_us': missing function-prototype
DATA_READ\DATA_READ.C(16): error C267: 'Delay_us': requires ANSI-style prototype
Target not created
Build target 'Target 1'
compiling data_read.c...
DATA_READ\DATA_READ.C(16): warning C206: 'Delay_us': missing function-prototype
DATA_READ\DATA_READ.C(16): error C267: 'Delay_us': requires ANSI-style prototype
Target not created
Build target 'Target 1'
compiling data_read.c...
DATA_READ\DATA_READ.C(18): warning C206: 'Delay_ms': missing function-prototype
DATA_READ\DATA_READ.C(18): error C267: 'Delay_ms': requires ANSI-style prototype
DATA_READ\DATA_READ.C(23): error C129: missing ';' before 'DHT11_rec_byte'
Target not created
Build target 'Target 1'
compiling data_read.c...
linking...
*** WARNING L16: UNCALLED SEGMENT, IGNORED FOR OVERLAY PROCESS
    SEGMENT: ?PR?_NOP?DELAY
*** WARNING L16: UNCALLED SEGMENT, IGNORED FOR OVERLAY PROCESS
    SEGMENT: ?PR?DHT11_RECEIVE?DATA_READ
Program Size: data=29.0 xdata=0 code=332
creating hex file from ".\Objects\temperature_drive"...
".\Objects\temperature_drive" - 0 Error(s), 2 Warning(s).
Build target 'Target 1'
compiling main.c...
compiling delay.c...
compiling data_read.c...
linking...
*** WARNING L16: UNCALLED SEGMENT, IGNORED FOR OVERLAY PROCESS
    SEGMENT: ?PR?_NOP?DELAY
*** WARNING L16: UNCALLED SEGMENT, IGNORED FOR OVERLAY PROCESS
    SEGMENT: ?PR?DHT11_RECEIVE?DATA_READ
Program Size: data=29.0 xdata=0 code=332
creating hex file from ".\Objects\temperature_drive"...
".\Objects\temperature_drive" - 0 Error(s), 2 Warning(s).
