<html>
<body>
<pre>
<h1>Vision Build Log</h1>
<h2>Project:</h2>
F:\工作\github_stc12 - 副本\software\底层驱动\005 RTC时钟驱动\rtc.uvproj
Project File Date:  <unknown>

<h2>Output:</h2>
compiling main.c...
main.c - 0 Error(s), 0 Warning(s).
compiling main.c...
main.c - 0 Error(s), 0 Warning(s).
Build target '目标 1'
compiling delay.c...
compiling rtc.c...
RTC\RTC.C(10): error C129: missing ';' before 'year'
目标未创建
Build target '目标 1'
compiling main.c...
compiling delay.c...
compiling rtc.c...
RTC\RTC.C(10): error C129: missing ';' before 'year'
目标未创建
Build target '目标 1'
compiling main.c...
compiling delay.c...
compiling rtc.c...
RTC\RTC.C(10): error C129: missing ';' before 'year'
目标未创建
Build target '目标 1'
compiling main.c...
compiling delay.c...
compiling rtc.c...
RTC\RTC.C(10): error C129: missing ';' before 'year'
目标未创建
