<html>
<body>
<pre>
<h1>Vision Build Log</h1>
<h2>Project:</h2>
F:\workApp\github_repository\整理这里，改好放进去\software\初级例程\021 步进电机\1\stepperMotor.uvproj
Project File Date:  <unknown>

<h2>Output:</h2>
compiling delay.c...
delay\delay.c - 0 Error(s), 0 Warning(s).
compiling stepperMotor.c...
STEPPERMOTOR\STEPPERMOTOR.C(59): warning C206: 'delay_ms': missing function-prototype
STEPPERMOTOR\STEPPERMOTOR.C(59): error C267: 'delay_ms': requires ANSI-style prototype
stepperMotor\stepperMotor.c - 1 Error(s), 1 Warning(s).
compiling stepperMotor.c...
stepperMotor\stepperMotor.c(9): warning C318: can't open file 'delay.h'
STEPPERMOTOR\STEPPERMOTOR.C(61): warning C206: 'delay_ms': missing function-prototype
STEPPERMOTOR\STEPPERMOTOR.C(61): error C267: 'delay_ms': requires ANSI-style prototype
stepperMotor\stepperMotor.c - 1 Error(s), 2 Warning(s).
compiling stepperMotor.c...
stepperMotor\stepperMotor.c - 0 Error(s), 0 Warning(s).
Build target 'Target 1'
compiling main.c...
MAIN.C(11): warning C206: 'run': missing function-prototype
linking...
*** WARNING L16: UNCALLED SEGMENT, IGNORED FOR OVERLAY PROCESS
    SEGMENT: ?PR?_DELAY_US?DELAY
*** WARNING L16: UNCALLED SEGMENT, IGNORED FOR OVERLAY PROCESS
    SEGMENT: ?PR?_NOP?DELAY
Program Size: data=9.0 xdata=0 code=160
creating hex file from ".\Objects\stepperMotor"...
".\Objects\stepperMotor" - 0 Error(s), 3 Warning(s).
Build target 'Target 1'
compiling main.c...
linking...
*** WARNING L16: UNCALLED SEGMENT, IGNORED FOR OVERLAY PROCESS
    SEGMENT: ?PR?_DELAY_US?DELAY
*** WARNING L16: UNCALLED SEGMENT, IGNORED FOR OVERLAY PROCESS
    SEGMENT: ?PR?_NOP?DELAY
Program Size: data=9.0 xdata=0 code=160
creating hex file from ".\Objects\stepperMotor"...
".\Objects\stepperMotor" - 0 Error(s), 2 Warning(s).
